\BOOKMARK [0][-]{chapter.1}{Erste \334berschrift der Ebene 1 \(chapter\)}{}% 1
\BOOKMARK [0][-]{chapter.2}{\334berschrift auf Ebene 0 \(chapter\)}{}% 2
\BOOKMARK [1][-]{section.2.1}{\334berschrift auf Ebene 1 \(section\)}{chapter.2}% 3
\BOOKMARK [2][-]{subsection.2.1.1}{\334berschrift auf Ebene 2 \(subsection\)}{section.2.1}% 4
\BOOKMARK [1][-]{section.2.2}{Listen}{chapter.2}% 5
\BOOKMARK [2][-]{subsection.2.2.1}{Beispiel einer Liste \(itemize\)}{section.2.2}% 6
\BOOKMARK [2][-]{subsection.2.2.2}{Beispiel einer Liste \(enumerate\)}{section.2.2}% 7
\BOOKMARK [2][-]{subsection.2.2.3}{Beispiel einer Liste \(description\)}{section.2.2}% 8
\BOOKMARK [1][-]{section.2.3}{Erste \334berschrift Tiefe 2 \(section\)}{chapter.2}% 9
\BOOKMARK [2][-]{subsection.2.3.1}{Erste \334berschrift Tiefe 3 \(subsection\)}{section.2.3}% 10
\BOOKMARK [0][-]{chapter.3}{Zweite \334berschrift der Tiefe 1 \(chapter\)}{}% 11
\BOOKMARK [1][-]{section.3.1}{Zweite \334berschrift Tiefe 2 \(section\)}{chapter.3}% 12
\BOOKMARK [1][-]{section.3.2}{Zweite \334berschrift Tiefe 2 \(section\)}{chapter.3}% 13
\BOOKMARK [2][-]{subsection.3.2.1}{Zweite \334berschrift Tiefe 3 \(subsection\)}{section.3.2}% 14
\BOOKMARK [2][-]{subsection.3.2.2}{Dritte \334berschrift Tiefe 3 \(subsection\)}{section.3.2}% 15
\BOOKMARK [0][-]{chapter.4}{Dritte \334berschrift der Tiefe 1 \(chapter\)}{}% 16
\BOOKMARK [0][-]{chapter*.23}{Abbildungsverzeichnis}{}% 17
\BOOKMARK [0][-]{chapter*.24}{Tabellenverzeichnis}{}% 18
\BOOKMARK [0][-]{chapter*.26}{Quellcodeverzeichnis}{}% 19
\BOOKMARK [0][-]{section*.27}{Abk\374rzungsverzeichnis}{}% 20
\BOOKMARK [0][-]{appendix.A}{Anhang A}{}% 21
\BOOKMARK [0][-]{appendix.B}{Anhang B}{}% 22
