\BOOKMARK [0][-]{chapter.1}{Introduction}{}% 1
\BOOKMARK [1][-]{section.1.1}{Premise}{chapter.1}% 2
\BOOKMARK [1][-]{section.1.2}{State of the art}{chapter.1}% 3
\BOOKMARK [2][-]{subsection.1.2.1}{AT-Frameworks}{section.1.2}% 4
\BOOKMARK [2][-]{subsection.1.2.2}{Computer Vision}{section.1.2}% 5
\BOOKMARK [2][-]{subsection.1.2.3}{Programming languages}{section.1.2}% 6
\BOOKMARK [2][-]{subsection.1.2.4}{Data exchange formats}{section.1.2}% 7
\BOOKMARK [0][-]{chapter.2}{Integration method}{}% 8
\BOOKMARK [1][-]{section.2.1}{Analyzing target software}{chapter.2}% 9
\BOOKMARK [1][-]{section.2.2}{Choosing the right technology}{chapter.2}% 10
\BOOKMARK [1][-]{section.2.3}{Choosing the attachment point}{chapter.2}% 11
\BOOKMARK [0][-]{chapter.3}{Plugin development method}{}% 12
\BOOKMARK [1][-]{section.3.1}{User Interface}{chapter.3}% 13
\BOOKMARK [1][-]{section.3.2}{Development Platforms \046 Tools}{chapter.3}% 14
\BOOKMARK [0][-]{chapter.4}{Implementation}{}% 15
\BOOKMARK [1][-]{section.4.1}{Hardware}{chapter.4}% 16
\BOOKMARK [1][-]{section.4.2}{Software}{chapter.4}% 17
\BOOKMARK [1][-]{section.4.3}{Conceptualization}{chapter.4}% 18
\BOOKMARK [1][-]{section.4.4}{Implementation of Handtracking}{chapter.4}% 19
\BOOKMARK [2][-]{subsection.4.4.1}{RealSense and OpenCV}{section.4.4}% 20
\BOOKMARK [2][-]{subsection.4.4.2}{Gesture recognition}{section.4.4}% 21
\BOOKMARK [2][-]{subsection.4.4.3}{Tracking and Information Window}{section.4.4}% 22
\BOOKMARK [2][-]{subsection.4.4.4}{Independent testing of the native library}{section.4.4}% 23
\BOOKMARK [1][-]{section.4.5}{Integration into framework}{chapter.4}% 24
\BOOKMARK [2][-]{subsection.4.5.1}{Anatomy of an AsTeRICS plugin}{section.4.5}% 25
\BOOKMARK [2][-]{subsection.4.5.2}{Plugin Creation}{section.4.5}% 26
\BOOKMARK [2][-]{subsection.4.5.3}{Plugin Configuration and Options}{section.4.5}% 27
\BOOKMARK [2][-]{subsection.4.5.4}{Main Plugin Class}{section.4.5}% 28
\BOOKMARK [2][-]{subsection.4.5.5}{Native Connector Class}{section.4.5}% 29
\BOOKMARK [0][-]{chapter.5}{Result}{}% 30
\BOOKMARK [1][-]{section.5.1}{Achieved functionality}{chapter.5}% 31
\BOOKMARK [1][-]{section.5.2}{Evaluation}{chapter.5}% 32
\BOOKMARK [2][-]{subsection.5.2.1}{Fist mouse click}{section.5.2}% 33
\BOOKMARK [2][-]{subsection.5.2.2}{Number entry}{section.5.2}% 34
\BOOKMARK [2][-]{subsection.5.2.3}{Evident Limitations}{section.5.2}% 35
\BOOKMARK [0][-]{chapter.6}{Conclusion}{}% 36
\BOOKMARK [1][-]{section.6.1}{Effectiveness of method}{chapter.6}% 37
\BOOKMARK [1][-]{section.6.2}{Possibilities for improvement}{chapter.6}% 38
\BOOKMARK [0][-]{chapter*.20}{Bibliography}{}% 39
\BOOKMARK [0][-]{chapter*.21}{List of Figures}{}% 40
\BOOKMARK [0][-]{chapter*.22}{List of Tables}{}% 41
\BOOKMARK [0][-]{chapter*.24}{List of Code}{}% 42
\BOOKMARK [0][-]{section*.25}{List of Abbreviations}{}% 43
\BOOKMARK [0][-]{appendix.A}{Anhang A}{}% 44
\BOOKMARK [0][-]{appendix.B}{Anhang B}{}% 45
