\BOOKMARK [0][-]{chapter.1}{Introduction}{}% 1
\BOOKMARK [1][-]{section.1.1}{State of the art}{chapter.1}% 2
\BOOKMARK [2][-]{subsection.1.1.1}{AT-Frameworks}{section.1.1}% 3
\BOOKMARK [2][-]{subsection.1.1.2}{Computer Vision}{section.1.1}% 4
\BOOKMARK [2][-]{subsection.1.1.3}{Programming languages}{section.1.1}% 5
\BOOKMARK [2][-]{subsection.1.1.4}{Data exchange formats}{section.1.1}% 6
\BOOKMARK [0][-]{chapter.2}{Method}{}% 7
\BOOKMARK [1][-]{subsection.2.0.1}{Integration methods}{chapter.2}% 8
\BOOKMARK [1][-]{section.2.1}{Prerequisites}{chapter.2}% 9
\BOOKMARK [2][-]{subsection.2.1.1}{Utilized software}{section.2.1}% 10
\BOOKMARK [2][-]{subsection.2.1.2}{Required hardware}{section.2.1}% 11
\BOOKMARK [1][-]{section.2.2}{Implementation}{chapter.2}% 12
\BOOKMARK [2][-]{subsection.2.2.1}{Implementation of Handtracking}{section.2.2}% 13
\BOOKMARK [2][-]{subsection.2.2.2}{Integration into framework}{section.2.2}% 14
\BOOKMARK [0][-]{chapter.3}{Results}{}% 15
\BOOKMARK [1][-]{section.3.1}{Technology integrated}{chapter.3}% 16
\BOOKMARK [1][-]{section.3.2}{Method effectiveness}{chapter.3}% 17
\BOOKMARK [0][-]{chapter.4}{Discussion}{}% 18
\BOOKMARK [1][-]{section.4.1}{Steps for approaching integration}{chapter.4}% 19
\BOOKMARK [2][-]{subsection.4.1.1}{Analyzing extensibility concepts}{section.4.1}% 20
\BOOKMARK [1][-]{section.4.2}{Combining different programming languages}{chapter.4}% 21
\BOOKMARK [2][-]{subsection.4.2.1}{Virtues and choosing languages}{section.4.2}% 22
\BOOKMARK [2][-]{subsection.4.2.2}{Difficulties and compensation}{section.4.2}% 23
\BOOKMARK [0][-]{chapter*.21}{Bibliography}{}% 24
\BOOKMARK [0][-]{chapter*.22}{List of Figures}{}% 25
\BOOKMARK [0][-]{chapter*.23}{List of Tables}{}% 26
\BOOKMARK [0][-]{chapter*.25}{List of Code}{}% 27
\BOOKMARK [0][-]{section*.26}{List of Abbreviations}{}% 28
\BOOKMARK [0][-]{appendix.A}{Anhang A}{}% 29
\BOOKMARK [0][-]{appendix.B}{Anhang B}{}% 30
