This is pdfTeX, Version 3.14159265-2.6-1.40.18 (TeX Live 2017/W32TeX) (preloaded format=pdflatex 2017.11.21)  8 JAN 2018 21:30
entering extended mode
 restricted \write18 enabled.
 %&-line parsing enabled.
**"./Integrating into Assistive Technology.tex"
(./Integrating into Assistive Technology.tex
LaTeX2e <2017-04-15>
Babel <3.15> and hyphenation patterns for 84 language(s) loaded.
(./twbook.cls
Document Class: twbook 2013/03/25 v0.03 Standard LaTeX Dokumenten-Klasse fuer D
okumente der FH Technikum Wien
(e:/LaTeX/TexLive/texmf-dist/tex/latex/koma-script/scrbook.cls
Document Class: scrbook 2017/09/07 v3.24 KOMA-Script document class (book)
(e:/LaTeX/TexLive/texmf-dist/tex/latex/koma-script/scrkbase.sty
Package: scrkbase 2017/09/07 v3.24 KOMA-Script package (KOMA-Script-dependent b
asics and keyval usage)

(e:/LaTeX/TexLive/texmf-dist/tex/latex/koma-script/scrbase.sty
Package: scrbase 2017/09/07 v3.24 KOMA-Script package (KOMA-Script-independent 
basics and keyval usage)

(e:/LaTeX/TexLive/texmf-dist/tex/latex/graphics/keyval.sty
Package: keyval 2014/10/28 v1.15 key=value parser (DPC)
\KV@toks@=\toks14
)
(e:/LaTeX/TexLive/texmf-dist/tex/latex/koma-script/scrlfile.sty
Package: scrlfile 2017/09/07 v3.24 KOMA-Script package (loading files)
)))
(e:/LaTeX/TexLive/texmf-dist/tex/latex/koma-script/tocbasic.sty
Package: tocbasic 2017/09/07 v3.24 KOMA-Script package (handling toc-files)
\scr@dte@tocline@numberwidth=\skip41
\scr@dte@tocline@numbox=\box26
)
Package tocbasic Info: omitting babel extension for `toc'
(tocbasic)             because of feature `nobabel' available
(tocbasic)             for `toc' on input line 135.
Package tocbasic Info: omitting babel extension for `lof'
(tocbasic)             because of feature `nobabel' available
(tocbasic)             for `lof' on input line 137.
Package tocbasic Info: omitting babel extension for `lot'
(tocbasic)             because of feature `nobabel' available
(tocbasic)             for `lot' on input line 138.
Package tocbasic Info: defining new hook before heading of `' on input line 162
3.
Package tocbasic Info: defining new hook before starting `lof' on input line 18
97.
Package tocbasic Info: defining new hook before starting `lot' on input line 18
97.
Class scrbook Info: File `scrsize11pt.clo' used to setup font sizes on input li
ne 2296.

(e:/LaTeX/TexLive/texmf-dist/tex/latex/koma-script/scrsize11pt.clo
File: scrsize11pt.clo 2017/09/07 v3.24 KOMA-Script font size class option (11pt
)
)
(e:/LaTeX/TexLive/texmf-dist/tex/latex/koma-script/typearea.sty
Package: typearea 2017/09/07 v3.24 KOMA-Script package (type area)
\ta@bcor=\skip42
\ta@div=\count79
\ta@hblk=\skip43
\ta@vblk=\skip44
\ta@temp=\skip45
\footheight=\skip46
Package typearea Info: These are the values describing the layout:
(typearea)             DIV  = 10
(typearea)             BCOR = 0.0pt
(typearea)             \paperwidth      = 597.50793pt
(typearea)              \textwidth      = 418.25555pt
(typearea)              DIV departure   = -6%
(typearea)              \evensidemargin = 17.3562pt
(typearea)              \oddsidemargin  = 17.3562pt
(typearea)             \paperheight     = 845.04694pt
(typearea)              \textheight     = 595.80026pt
(typearea)              \topmargin      = -25.16531pt
(typearea)              \headheight     = 17.0pt
(typearea)              \headsep        = 20.40001pt
(typearea)              \topskip        = 11.0pt
(typearea)              \footskip       = 47.6pt
(typearea)              \baselineskip   = 13.6pt
(typearea)              on input line 1686.
)
\c@part=\count80
\c@chapter=\count81
\c@section=\count82
\c@subsection=\count83
\c@subsubsection=\count84
\c@paragraph=\count85
\c@subparagraph=\count86
\scr@dte@part@maxnumwidth=\skip47
\scr@dte@chapter@maxnumwidth=\skip48
\scr@dte@section@maxnumwidth=\skip49
\scr@dte@subsection@maxnumwidth=\skip50
\scr@dte@subsubsection@maxnumwidth=\skip51
\scr@dte@paragraph@maxnumwidth=\skip52
\scr@dte@subparagraph@maxnumwidth=\skip53
LaTeX Info: Redefining \textsubscript on input line 4966.
\abovecaptionskip=\skip54
\belowcaptionskip=\skip55
\c@pti@nb@sid@b@x=\box27
\c@figure=\count87
\c@table=\count88
Class scrbook Info: Redefining `\numberline' on input line 6142.
\bibindent=\dimen102
)
(e:/LaTeX/TexLive/texmf-dist/tex/latex/koma-script/scrhack.sty
Package: scrhack 2017/09/07 v3.24 KOMA-Script package 

(e:/LaTeX/TexLive/texmf-dist/tex/latex/xpatch/xpatch.sty
(e:/LaTeX/TexLive/texmf-dist/tex/latex/l3kernel/expl3.sty
Package: expl3 2017/11/14 L3 programming layer (loader) 

(e:/LaTeX/TexLive/texmf-dist/tex/latex/l3kernel/expl3-code.tex
Package: expl3 2017/11/14 L3 programming layer (code)
\c_max_int=\count89
\l_tmpa_int=\count90
\l_tmpb_int=\count91
\g_tmpa_int=\count92
\g_tmpb_int=\count93
\g__intarray_font_int=\count94
\g__prg_map_int=\count95
\c_log_iow=\count96
\l_iow_line_count_int=\count97
\l__iow_line_target_int=\count98
\l__iow_one_indent_int=\count99
\l__iow_indent_int=\count100
\c_zero_dim=\dimen103
\c_max_dim=\dimen104
\l_tmpa_dim=\dimen105
\l_tmpb_dim=\dimen106
\g_tmpa_dim=\dimen107
\g_tmpb_dim=\dimen108
\c_zero_skip=\skip56
\c_max_skip=\skip57
\l_tmpa_skip=\skip58
\l_tmpb_skip=\skip59
\g_tmpa_skip=\skip60
\g_tmpb_skip=\skip61
\c_zero_muskip=\muskip10
\c_max_muskip=\muskip11
\l_tmpa_muskip=\muskip12
\l_tmpb_muskip=\muskip13
\g_tmpa_muskip=\muskip14
\g_tmpb_muskip=\muskip15
\l_keys_choice_int=\count101
\c__fp_leading_shift_int=\count102
\c__fp_middle_shift_int=\count103
\c__fp_trailing_shift_int=\count104
\c__fp_big_leading_shift_int=\count105
\c__fp_big_middle_shift_int=\count106
\c__fp_big_trailing_shift_int=\count107
\c__fp_Bigg_leading_shift_int=\count108
\c__fp_Bigg_middle_shift_int=\count109
\c__fp_Bigg_trailing_shift_int=\count110
\c__fp_rand_size_int=\count111
\c__fp_rand_four_int=\count112
\c__fp_rand_eight_int=\count113
\l__sort_length_int=\count114
\l__sort_min_int=\count115
\l__sort_top_int=\count116
\l__sort_max_int=\count117
\l__sort_true_max_int=\count118
\l__sort_block_int=\count119
\l__sort_begin_int=\count120
\l__sort_end_int=\count121
\l__sort_A_int=\count122
\l__sort_B_int=\count123
\l__sort_C_int=\count124
\l__tl_build_start_index_int=\count125
\l__tl_build_index_int=\count126
\l__tl_analysis_normal_int=\count127
\l__tl_analysis_index_int=\count128
\l__tl_analysis_nesting_int=\count129
\l__tl_analysis_type_int=\count130
\l__regex_internal_a_int=\count131
\l__regex_internal_b_int=\count132
\l__regex_internal_c_int=\count133
\l__regex_balance_int=\count134
\l__regex_group_level_int=\count135
\l__regex_mode_int=\count136
\c__regex_cs_in_class_mode_int=\count137
\c__regex_cs_mode_int=\count138
\l__regex_catcodes_int=\count139
\l__regex_default_catcodes_int=\count140
\c__regex_catcode_D_int=\count141
\c__regex_catcode_S_int=\count142
\c__regex_catcode_L_int=\count143
\c__regex_catcode_O_int=\count144
\c__regex_catcode_A_int=\count145
\c__regex_all_catcodes_int=\count146
\l__regex_show_lines_int=\count147
\l__regex_min_state_int=\count148
\l__regex_max_state_int=\count149
\l__regex_left_state_int=\count150
\l__regex_right_state_int=\count151
\l__regex_capturing_group_int=\count152
\l__regex_min_pos_int=\count153
\l__regex_max_pos_int=\count154
\l__regex_curr_pos_int=\count155
\l__regex_start_pos_int=\count156
\l__regex_success_pos_int=\count157
\l__regex_curr_char_int=\count158
\l__regex_curr_catcode_int=\count159
\l__regex_last_char_int=\count160
\l__regex_case_changed_char_int=\count161
\l__regex_curr_state_int=\count162
\l__regex_step_int=\count163
\l__regex_min_active_int=\count164
\l__regex_max_active_int=\count165
\l__regex_replacement_csnames_int=\count166
\l__regex_match_count_int=\count167
\l__regex_min_submatch_int=\count168
\l__regex_submatch_int=\count169
\l__regex_zeroth_submatch_int=\count170
\g__debug_trace_regex_int=\count171
\c_empty_box=\box28
\l_tmpa_box=\box29
\l_tmpb_box=\box30
\g_tmpa_box=\box31
\g_tmpb_box=\box32
\l__box_top_dim=\dimen109
\l__box_bottom_dim=\dimen110
\l__box_left_dim=\dimen111
\l__box_right_dim=\dimen112
\l__box_top_new_dim=\dimen113
\l__box_bottom_new_dim=\dimen114
\l__box_left_new_dim=\dimen115
\l__box_right_new_dim=\dimen116
\l__box_internal_box=\box33
\l__coffin_internal_box=\box34
\l__coffin_internal_dim=\dimen117
\l__coffin_offset_x_dim=\dimen118
\l__coffin_offset_y_dim=\dimen119
\l__coffin_x_dim=\dimen120
\l__coffin_y_dim=\dimen121
\l__coffin_x_prime_dim=\dimen122
\l__coffin_y_prime_dim=\dimen123
\c_empty_coffin=\box35
\l__coffin_aligned_coffin=\box36
\l__coffin_aligned_internal_coffin=\box37
\l_tmpa_coffin=\box38
\l_tmpb_coffin=\box39
\l__coffin_display_coffin=\box40
\l__coffin_display_coord_coffin=\box41
\l__coffin_display_pole_coffin=\box42
\l__coffin_display_offset_dim=\dimen124
\l__coffin_display_x_dim=\dimen125
\l__coffin_display_y_dim=\dimen126
\l__coffin_bounding_shift_dim=\dimen127
\l__coffin_left_corner_dim=\dimen128
\l__coffin_right_corner_dim=\dimen129
\l__coffin_bottom_corner_dim=\dimen130
\l__coffin_top_corner_dim=\dimen131
\l__coffin_scaled_total_height_dim=\dimen132
\l__coffin_scaled_width_dim=\dimen133
)
(e:/LaTeX/TexLive/texmf-dist/tex/latex/l3kernel/l3pdfmode.def
File: l3pdfmode.def 2017/03/18 v L3 Experimental driver: PDF mode
\l__driver_color_stack_int=\count172
\l__driver_tmp_box=\box43
))
Package: xpatch 2012/10/02 v0.3 Extending etoolbox patching commands

(e:/LaTeX/TexLive/texmf-dist/tex/latex/l3packages/xparse/xparse.sty
Package: xparse 2017/11/14 L3 Experimental document command parser
\l__xparse_current_arg_int=\count173
\g__xparse_grabber_int=\count174
\l__xparse_m_args_int=\count175
\l__xparse_mandatory_args_int=\count176
\l__xparse_v_nesting_int=\count177
)
(e:/LaTeX/TexLive/texmf-dist/tex/latex/etoolbox/etoolbox.sty
Package: etoolbox 2017/01/02 v2.4 e-TeX tools for LaTeX (JAW)
\etb@tempcnta=\count178
)
.................................................
. LaTeX info: "xparse/define-command"
. 
. Defining command \xpatchcmd with sig. '' on line 125.
.................................................
.................................................
. LaTeX info: "xparse/define-command"
. 
. Defining command \xpretocmd with sig. '' on line 126.
.................................................
.................................................
. LaTeX info: "xparse/define-command"
. 
. Defining command \xapptocmd with sig. '' on line 127.
.................................................
.................................................
. LaTeX info: "xparse/define-command"
. 
. Defining command \xshowcmd with sig. '' on line 128.
.................................................
.................................................
. LaTeX info: "xparse/define-command"
. 
. Defining command \xpatchbibmacro with sig. 'm' on line 131.
.................................................
.................................................
. LaTeX info: "xparse/define-command"
. 
. Defining command \xpretobibmacro with sig. 'm' on line 133.
.................................................
.................................................
. LaTeX info: "xparse/define-command"
. 
. Defining command \xapptobibmacro with sig. 'm' on line 135.
.................................................
.................................................
. LaTeX info: "xparse/define-command"
. 
. Defining command \xshowbibmacro with sig. 'm' on line 137.
.................................................
.................................................
. LaTeX info: "xparse/define-command"
. 
. Defining command \xpatchfieldformat with sig. 'O{*}m' on line 139.
.................................................
.................................................
. LaTeX info: "xparse/define-command"
. 
. Defining command \xpretofieldformat with sig. 'O{*}m' on line 141.
.................................................
.................................................
. LaTeX info: "xparse/define-command"
. 
. Defining command \xapptofieldformat with sig. 'O{*}m' on line 143.
.................................................
.................................................
. LaTeX info: "xparse/define-command"
. 
. Defining command \xshowfieldformat with sig. 'O{*}m' on line 145.
.................................................
.................................................
. LaTeX info: "xparse/define-command"
. 
. Defining command \xpatchnameformat with sig. 'O{*}m' on line 147.
.................................................
.................................................
. LaTeX info: "xparse/define-command"
. 
. Defining command \xpretonameformat with sig. 'O{*}m' on line 149.
.................................................
.................................................
. LaTeX info: "xparse/define-command"
. 
. Defining command \xapptonameformat with sig. 'O{*}m' on line 151.
.................................................
.................................................
. LaTeX info: "xparse/define-command"
. 
. Defining command \xshownameformat with sig. 'O{*}m' on line 153.
.................................................
.................................................
. LaTeX info: "xparse/define-command"
. 
. Defining command \xpatchlistformat with sig. 'O{*}m' on line 155.
.................................................
.................................................
. LaTeX info: "xparse/define-command"
. 
. Defining command \xpretolistformat with sig. 'O{*}m' on line 157.
.................................................
.................................................
. LaTeX info: "xparse/define-command"
. 
. Defining command \xapptolistformat with sig. 'O{*}m' on line 159.
.................................................
.................................................
. LaTeX info: "xparse/define-command"
. 
. Defining command \xshowlistformat with sig. 'O{*}m' on line 161.
.................................................
.................................................
. LaTeX info: "xparse/define-command"
. 
. Defining command \xpatchindexfieldformat with sig. 'O{*}m' on line 163.
.................................................
.................................................
. LaTeX info: "xparse/define-command"
. 
. Defining command \xpretoindexfieldformat with sig. 'O{*}m' on line 165.
.................................................
.................................................
. LaTeX info: "xparse/define-command"
. 
. Defining command \xapptoindexfieldformat with sig. 'O{*}m' on line 167.
.................................................
.................................................
. LaTeX info: "xparse/define-command"
. 
. Defining command \xshowindexfieldformat with sig. 'O{*}m' on line 169.
.................................................
.................................................
. LaTeX info: "xparse/define-command"
. 
. Defining command \xpatchindexnameformat with sig. 'O{*}m' on line 171.
.................................................
.................................................
. LaTeX info: "xparse/define-command"
. 
. Defining command \xpretoindexnameformat with sig. 'O{*}m' on line 173.
.................................................
.................................................
. LaTeX info: "xparse/define-command"
. 
. Defining command \xapptoindexnameformat with sig. 'O{*}m' on line 175.
.................................................
.................................................
. LaTeX info: "xparse/define-command"
. 
. Defining command \xshowindexnameformat with sig. 'O{*}m' on line 177.
.................................................
.................................................
. LaTeX info: "xparse/define-command"
. 
. Defining command \xpatchindexlistformat with sig. 'O{*}m' on line 179.
.................................................
.................................................
. LaTeX info: "xparse/define-command"
. 
. Defining command \xpretoindexlistformat with sig. 'O{*}m' on line 181.
.................................................
.................................................
. LaTeX info: "xparse/define-command"
. 
. Defining command \xappindextolistformat with sig. 'O{*}m' on line 183.
.................................................
.................................................
. LaTeX info: "xparse/define-command"
. 
. Defining command \xshowindexlistformat with sig. 'O{*}m' on line 185.
.................................................
.................................................
. LaTeX info: "xparse/define-command"
. 
. Defining command \xpatchbibdriver with sig. 'm' on line 187.
.................................................
.................................................
. LaTeX info: "xparse/define-command"
. 
. Defining command \xpretobibdriver with sig. 'm' on line 189.
.................................................
.................................................
. LaTeX info: "xparse/define-command"
. 
. Defining command \xapptobibdriver with sig. 'm' on line 191.
.................................................
.................................................
. LaTeX info: "xparse/define-command"
. 
. Defining command \xshowbibdriver with sig. 'm' on line 193.
.................................................
))
(e:/LaTeX/TexLive/texmf-dist/tex/latex/graphics/color.sty
Package: color 2016/07/10 v1.1e Standard LaTeX Color (DPC)

(e:/LaTeX/TexLive/texmf-dist/tex/latex/graphics-cfg/color.cfg
File: color.cfg 2016/01/02 v1.6 sample color configuration
)
Package color Info: Driver file: pdftex.def on input line 147.

(e:/LaTeX/TexLive/texmf-dist/tex/latex/graphics-def/pdftex.def
File: pdftex.def 2017/06/24 v1.0g Graphics/color driver for pdftex
))
(e:/LaTeX/TexLive/texmf-dist/tex/latex/xcolor/xcolor.sty
Package: xcolor 2016/05/11 v2.12 LaTeX color extensions (UK)

(e:/LaTeX/TexLive/texmf-dist/tex/latex/graphics-cfg/color.cfg
File: color.cfg 2016/01/02 v1.6 sample color configuration
)
Package xcolor Info: Driver file: pdftex.def on input line 225.
LaTeX Info: Redefining \color on input line 709.
Package xcolor Info: Model `cmy' substituted by `cmy0' on input line 1348.
Package xcolor Info: Model `hsb' substituted by `rgb' on input line 1352.
Package xcolor Info: Model `RGB' extended on input line 1364.
Package xcolor Info: Model `HTML' substituted by `rgb' on input line 1366.
Package xcolor Info: Model `Hsb' substituted by `hsb' on input line 1367.
Package xcolor Info: Model `tHsb' substituted by `hsb' on input line 1368.
Package xcolor Info: Model `HSB' substituted by `hsb' on input line 1369.
Package xcolor Info: Model `Gray' substituted by `gray' on input line 1370.
Package xcolor Info: Model `wave' substituted by `hsb' on input line 1371.
)
(e:/LaTeX/TexLive/texmf-dist/tex/latex/xifthen/xifthen.sty
Package: xifthen 2015/11/05 v1.4.0 Extended ifthen features

(e:/LaTeX/TexLive/texmf-dist/tex/latex/tools/calc.sty
Package: calc 2014/10/28 v4.3 Infix arithmetic (KKT,FJ)
\calc@Acount=\count179
\calc@Bcount=\count180
\calc@Adimen=\dimen134
\calc@Bdimen=\dimen135
\calc@Askip=\skip62
\calc@Bskip=\skip63
LaTeX Info: Redefining \setlength on input line 80.
LaTeX Info: Redefining \addtolength on input line 81.
\calc@Ccount=\count181
\calc@Cskip=\skip64
)
(e:/LaTeX/TexLive/texmf-dist/tex/latex/base/ifthen.sty
Package: ifthen 2014/09/29 v1.1c Standard LaTeX ifthen package (DPC)
)
(e:/LaTeX/TexLive/texmf-dist/tex/latex/ifmtarg/ifmtarg.sty
Package: ifmtarg 2009/09/02 v1.2a check for an empty argument
))
(e:/LaTeX/TexLive/texmf-dist/tex/generic/oberdiek/ifpdf.sty
Package: ifpdf 2017/03/15 v3.2 Provides the ifpdf switch
)
(e:/LaTeX/TexLive/texmf-dist/tex/latex/oberdiek/ifdraft.sty
Package: ifdraft 2016/05/16 v1.4 Detect class options draft and final (HO)
)
(e:/LaTeX/TexLive/texmf-dist/tex/latex/wallpaper/wallpaper.sty
Package: wallpaper 2005/01/18, v1.01 easy wallpaper formatting (MHFW)

(e:/LaTeX/TexLive/texmf-dist/tex/latex/eso-pic/eso-pic.sty
Package: eso-pic 2015/07/21 v2.0g eso-pic (RN)

(e:/LaTeX/TexLive/texmf-dist/tex/generic/oberdiek/atbegshi.sty
Package: atbegshi 2016/06/09 v1.18 At begin shipout hook (HO)

(e:/LaTeX/TexLive/texmf-dist/tex/generic/oberdiek/infwarerr.sty
Package: infwarerr 2016/05/16 v1.4 Providing info/warning/error messages (HO)
)
(e:/LaTeX/TexLive/texmf-dist/tex/generic/oberdiek/ltxcmds.sty
Package: ltxcmds 2016/05/16 v1.23 LaTeX kernel commands for general use (HO)
)))
(e:/LaTeX/TexLive/texmf-dist/tex/latex/graphics/graphicx.sty
Package: graphicx 2017/06/01 v1.1a Enhanced LaTeX Graphics (DPC,SPQR)

(e:/LaTeX/TexLive/texmf-dist/tex/latex/graphics/graphics.sty
Package: graphics 2017/06/25 v1.2c Standard LaTeX Graphics (DPC,SPQR)

(e:/LaTeX/TexLive/texmf-dist/tex/latex/graphics/trig.sty
Package: trig 2016/01/03 v1.10 sin cos tan (DPC)
)
(e:/LaTeX/TexLive/texmf-dist/tex/latex/graphics-cfg/graphics.cfg
File: graphics.cfg 2016/06/04 v1.11 sample graphics configuration
)
Package graphics Info: Driver file: pdftex.def on input line 99.
)
\Gin@req@height=\dimen136
\Gin@req@width=\dimen137
)
\wpXoffset=\skip65
\wpYoffset=\skip66
\tileXoffset=\skip67
\tileYoffset=\skip68
\tilewidth=\skip69
\tileheight=\skip70
\tileX=\skip71
\tileY=\skip72
)
(e:/LaTeX/TexLive/texmf-dist/tex/latex/psnfss/palatino.sty
Package: palatino 2005/04/12 PSNFSS-v9.2a (SPQR) 
)
(e:/LaTeX/TexLive/texmf-dist/tex/latex/koma-script/scrpage2.sty
Package: scrpage2 2017/09/07 v3.24 KOMA-Script package (page head and foot)


Package scrpage2 Warning: usage of obsolete package!
(scrpage2)                Package `scrpage2' is obsolete.
(scrpage2)                You should not longer use package `scrpage2'.
(scrpage2)                You should replace usage of package `scrpage2'
(scrpage2)                by `scrlayer-scrpage' on input line 52.

LaTeX Info: Redefining \pagemark on input line 180.
) (e:/LaTeX/TexLive/texmf-dist/tex/latex/acronym/acronym.sty
Package: acronym 2015/03/21 v1.41 Support for acronyms (Tobias Oetiker)

(e:/LaTeX/TexLive/texmf-dist/tex/latex/bigfoot/suffix.sty
Package: suffix 2006/07/15 1.5a Variant command support
)
(e:/LaTeX/TexLive/texmf-dist/tex/generic/xstring/xstring.sty
(e:/LaTeX/TexLive/texmf-dist/tex/generic/xstring/xstring.tex
\@xs@message=\write3
\integerpart=\count182
\decimalpart=\count183
)
Package: xstring 2013/10/13  v1.7c  String manipulations (C Tellechea)
)
\AC@clearlist=\toks15
)
(e:/LaTeX/TexLive/texmf-dist/tex/latex/amsmath/amsmath.sty
Package: amsmath 2017/09/02 v2.17a AMS math features
\@mathmargin=\skip73

For additional information on amsmath, use the `?' option.
(e:/LaTeX/TexLive/texmf-dist/tex/latex/amsmath/amstext.sty
Package: amstext 2000/06/29 v2.01 AMS text

(e:/LaTeX/TexLive/texmf-dist/tex/latex/amsmath/amsgen.sty
File: amsgen.sty 1999/11/30 v2.0 generic functions
\@emptytoks=\toks16
\ex@=\dimen138
))
(e:/LaTeX/TexLive/texmf-dist/tex/latex/amsmath/amsbsy.sty
Package: amsbsy 1999/11/29 v1.2d Bold Symbols
\pmbraise@=\dimen139
)
(e:/LaTeX/TexLive/texmf-dist/tex/latex/amsmath/amsopn.sty
Package: amsopn 2016/03/08 v2.02 operator names
)
\inf@bad=\count184
LaTeX Info: Redefining \frac on input line 213.
\uproot@=\count185
\leftroot@=\count186
LaTeX Info: Redefining \overline on input line 375.
\classnum@=\count187
\DOTSCASE@=\count188
LaTeX Info: Redefining \ldots on input line 472.
LaTeX Info: Redefining \dots on input line 475.
LaTeX Info: Redefining \cdots on input line 596.
\Mathstrutbox@=\box44
\strutbox@=\box45
\big@size=\dimen140
LaTeX Font Info:    Redeclaring font encoding OML on input line 712.
LaTeX Font Info:    Redeclaring font encoding OMS on input line 713.
\macc@depth=\count189
\c@MaxMatrixCols=\count190
\dotsspace@=\muskip16
\c@parentequation=\count191
\dspbrk@lvl=\count192
\tag@help=\toks17
\row@=\count193
\column@=\count194
\maxfields@=\count195
\andhelp@=\toks18
\eqnshift@=\dimen141
\alignsep@=\dimen142
\tagshift@=\dimen143
\tagwidth@=\dimen144
\totwidth@=\dimen145
\lineht@=\dimen146
\@envbody=\toks19
\multlinegap=\skip74
\multlinetaggap=\skip75
\mathdisplay@stack=\toks20
LaTeX Info: Redefining \[ on input line 2817.
LaTeX Info: Redefining \] on input line 2818.
)
(e:/LaTeX/TexLive/texmf-dist/tex/latex/amsfonts/amssymb.sty
Package: amssymb 2013/01/14 v3.01 AMS font symbols

(e:/LaTeX/TexLive/texmf-dist/tex/latex/amsfonts/amsfonts.sty
Package: amsfonts 2013/01/14 v3.01 Basic AMSFonts support
\symAMSa=\mathgroup4
\symAMSb=\mathgroup5
LaTeX Font Info:    Overwriting math alphabet `\mathfrak' in version `bold'
(Font)                  U/euf/m/n --> U/euf/b/n on input line 106.
))
(e:/LaTeX/TexLive/texmf-dist/tex/generic/babel/babel.sty
Package: babel 2017/11/03 3.15 The Babel package

(e:/LaTeX/TexLive/texmf-dist/tex/generic/babel/switch.def
File: switch.def 2017/11/03 3.15 Babel switching mechanism
)
(e:/LaTeX/TexLive/texmf-dist/tex/generic/babel-english/english.ldf
Language: english 2017/06/06 v3.3r English support from the babel system

(e:/LaTeX/TexLive/texmf-dist/tex/generic/babel/babel.def
File: babel.def 2017/11/03 3.15 Babel common definitions

(e:/LaTeX/TexLive/texmf-dist/tex/generic/babel/switch.def
File: switch.def 2017/11/03 3.15 Babel switching mechanism
)
\babel@savecnt=\count196
\U@D=\dimen147
)
\l@canadian = a dialect from \language\l@american 
\l@australian = a dialect from \language\l@british 
\l@newzealand = a dialect from \language\l@british 
))
(e:/LaTeX/TexLive/texmf-dist/tex/latex/tools/array.sty
Package: array 2016/10/06 v2.4d Tabular extension package (FMi)
\col@sep=\dimen148
\extrarowheight=\dimen149
\NC@list=\toks21
\extratabsurround=\skip76
\backup@length=\skip77
)
(e:/LaTeX/TexLive/texmf-dist/tex/latex/pgf/frontendlayer/tikz.sty
(e:/LaTeX/TexLive/texmf-dist/tex/latex/pgf/basiclayer/pgf.sty
(e:/LaTeX/TexLive/texmf-dist/tex/latex/pgf/utilities/pgfrcs.sty
(e:/LaTeX/TexLive/texmf-dist/tex/generic/pgf/utilities/pgfutil-common.tex
\pgfutil@everybye=\toks22
\pgfutil@tempdima=\dimen150
\pgfutil@tempdimb=\dimen151

(e:/LaTeX/TexLive/texmf-dist/tex/generic/pgf/utilities/pgfutil-common-lists.tex
)) (e:/LaTeX/TexLive/texmf-dist/tex/generic/pgf/utilities/pgfutil-latex.def
\pgfutil@abb=\box46

(e:/LaTeX/TexLive/texmf-dist/tex/latex/ms/everyshi.sty
Package: everyshi 2001/05/15 v3.00 EveryShipout Package (MS)
))
(e:/LaTeX/TexLive/texmf-dist/tex/generic/pgf/utilities/pgfrcs.code.tex
Package: pgfrcs 2015/08/07 v3.0.1a (rcs-revision 1.31)
))
Package: pgf 2015/08/07 v3.0.1a (rcs-revision 1.15)

(e:/LaTeX/TexLive/texmf-dist/tex/latex/pgf/basiclayer/pgfcore.sty
(e:/LaTeX/TexLive/texmf-dist/tex/latex/pgf/systemlayer/pgfsys.sty
(e:/LaTeX/TexLive/texmf-dist/tex/generic/pgf/systemlayer/pgfsys.code.tex
Package: pgfsys 2014/07/09 v3.0.1a (rcs-revision 1.48)

(e:/LaTeX/TexLive/texmf-dist/tex/generic/pgf/utilities/pgfkeys.code.tex
\pgfkeys@pathtoks=\toks23
\pgfkeys@temptoks=\toks24

(e:/LaTeX/TexLive/texmf-dist/tex/generic/pgf/utilities/pgfkeysfiltered.code.tex
\pgfkeys@tmptoks=\toks25
))
\pgf@x=\dimen152
\pgf@y=\dimen153
\pgf@xa=\dimen154
\pgf@ya=\dimen155
\pgf@xb=\dimen156
\pgf@yb=\dimen157
\pgf@xc=\dimen158
\pgf@yc=\dimen159
\w@pgf@writea=\write4
\r@pgf@reada=\read1
\c@pgf@counta=\count197
\c@pgf@countb=\count198
\c@pgf@countc=\count199
\c@pgf@countd=\count266
\t@pgf@toka=\toks26
\t@pgf@tokb=\toks27
\t@pgf@tokc=\toks28
 (e:/LaTeX/TexLive/texmf-dist/tex/generic/pgf/systemlayer/pgf.cfg
File: pgf.cfg 2008/05/14  (rcs-revision 1.7)
)
Driver file for pgf: pgfsys-pdftex.def

(e:/LaTeX/TexLive/texmf-dist/tex/generic/pgf/systemlayer/pgfsys-pdftex.def
File: pgfsys-pdftex.def 2014/10/11  (rcs-revision 1.35)

(e:/LaTeX/TexLive/texmf-dist/tex/generic/pgf/systemlayer/pgfsys-common-pdf.def
File: pgfsys-common-pdf.def 2013/10/10  (rcs-revision 1.13)
)))
(e:/LaTeX/TexLive/texmf-dist/tex/generic/pgf/systemlayer/pgfsyssoftpath.code.te
x
File: pgfsyssoftpath.code.tex 2013/09/09  (rcs-revision 1.9)
\pgfsyssoftpath@smallbuffer@items=\count267
\pgfsyssoftpath@bigbuffer@items=\count268
)
(e:/LaTeX/TexLive/texmf-dist/tex/generic/pgf/systemlayer/pgfsysprotocol.code.te
x
File: pgfsysprotocol.code.tex 2006/10/16  (rcs-revision 1.4)
)) (e:/LaTeX/TexLive/texmf-dist/tex/generic/pgf/basiclayer/pgfcore.code.tex
Package: pgfcore 2010/04/11 v3.0.1a (rcs-revision 1.7)

(e:/LaTeX/TexLive/texmf-dist/tex/generic/pgf/math/pgfmath.code.tex
(e:/LaTeX/TexLive/texmf-dist/tex/generic/pgf/math/pgfmathcalc.code.tex
(e:/LaTeX/TexLive/texmf-dist/tex/generic/pgf/math/pgfmathutil.code.tex)
(e:/LaTeX/TexLive/texmf-dist/tex/generic/pgf/math/pgfmathparser.code.tex
\pgfmath@dimen=\dimen160
\pgfmath@count=\count269
\pgfmath@box=\box47
\pgfmath@toks=\toks29
\pgfmath@stack@operand=\toks30
\pgfmath@stack@operation=\toks31
)
(e:/LaTeX/TexLive/texmf-dist/tex/generic/pgf/math/pgfmathfunctions.code.tex
(e:/LaTeX/TexLive/texmf-dist/tex/generic/pgf/math/pgfmathfunctions.basic.code.t
ex)
(e:/LaTeX/TexLive/texmf-dist/tex/generic/pgf/math/pgfmathfunctions.trigonometri
c.code.tex)
(e:/LaTeX/TexLive/texmf-dist/tex/generic/pgf/math/pgfmathfunctions.random.code.
tex)
(e:/LaTeX/TexLive/texmf-dist/tex/generic/pgf/math/pgfmathfunctions.comparison.c
ode.tex)
(e:/LaTeX/TexLive/texmf-dist/tex/generic/pgf/math/pgfmathfunctions.base.code.te
x)
(e:/LaTeX/TexLive/texmf-dist/tex/generic/pgf/math/pgfmathfunctions.round.code.t
ex)
(e:/LaTeX/TexLive/texmf-dist/tex/generic/pgf/math/pgfmathfunctions.misc.code.te
x)
(e:/LaTeX/TexLive/texmf-dist/tex/generic/pgf/math/pgfmathfunctions.integerarith
metics.code.tex)))
(e:/LaTeX/TexLive/texmf-dist/tex/generic/pgf/math/pgfmathfloat.code.tex
\c@pgfmathroundto@lastzeros=\count270
))
(e:/LaTeX/TexLive/texmf-dist/tex/generic/pgf/basiclayer/pgfcorepoints.code.tex
File: pgfcorepoints.code.tex 2013/10/07  (rcs-revision 1.27)
\pgf@picminx=\dimen161
\pgf@picmaxx=\dimen162
\pgf@picminy=\dimen163
\pgf@picmaxy=\dimen164
\pgf@pathminx=\dimen165
\pgf@pathmaxx=\dimen166
\pgf@pathminy=\dimen167
\pgf@pathmaxy=\dimen168
\pgf@xx=\dimen169
\pgf@xy=\dimen170
\pgf@yx=\dimen171
\pgf@yy=\dimen172
\pgf@zx=\dimen173
\pgf@zy=\dimen174
)
(e:/LaTeX/TexLive/texmf-dist/tex/generic/pgf/basiclayer/pgfcorepathconstruct.co
de.tex
File: pgfcorepathconstruct.code.tex 2013/10/07  (rcs-revision 1.29)
\pgf@path@lastx=\dimen175
\pgf@path@lasty=\dimen176
)
(e:/LaTeX/TexLive/texmf-dist/tex/generic/pgf/basiclayer/pgfcorepathusage.code.t
ex
File: pgfcorepathusage.code.tex 2014/11/02  (rcs-revision 1.24)
\pgf@shorten@end@additional=\dimen177
\pgf@shorten@start@additional=\dimen178
)
(e:/LaTeX/TexLive/texmf-dist/tex/generic/pgf/basiclayer/pgfcorescopes.code.tex
File: pgfcorescopes.code.tex 2015/05/08  (rcs-revision 1.46)
\pgfpic=\box48
\pgf@hbox=\box49
\pgf@layerbox@main=\box50
\pgf@picture@serial@count=\count271
)
(e:/LaTeX/TexLive/texmf-dist/tex/generic/pgf/basiclayer/pgfcoregraphicstate.cod
e.tex
File: pgfcoregraphicstate.code.tex 2014/11/02  (rcs-revision 1.12)
\pgflinewidth=\dimen179
)
(e:/LaTeX/TexLive/texmf-dist/tex/generic/pgf/basiclayer/pgfcoretransformations.
code.tex
File: pgfcoretransformations.code.tex 2015/08/07  (rcs-revision 1.20)
\pgf@pt@x=\dimen180
\pgf@pt@y=\dimen181
\pgf@pt@temp=\dimen182
)
(e:/LaTeX/TexLive/texmf-dist/tex/generic/pgf/basiclayer/pgfcorequick.code.tex
File: pgfcorequick.code.tex 2008/10/09  (rcs-revision 1.3)
)
(e:/LaTeX/TexLive/texmf-dist/tex/generic/pgf/basiclayer/pgfcoreobjects.code.tex
File: pgfcoreobjects.code.tex 2006/10/11  (rcs-revision 1.2)
)
(e:/LaTeX/TexLive/texmf-dist/tex/generic/pgf/basiclayer/pgfcorepathprocessing.c
ode.tex
File: pgfcorepathprocessing.code.tex 2013/09/09  (rcs-revision 1.9)
)
(e:/LaTeX/TexLive/texmf-dist/tex/generic/pgf/basiclayer/pgfcorearrows.code.tex
File: pgfcorearrows.code.tex 2015/05/14  (rcs-revision 1.43)
\pgfarrowsep=\dimen183
) (e:/LaTeX/TexLive/texmf-dist/tex/generic/pgf/basiclayer/pgfcoreshade.code.tex
File: pgfcoreshade.code.tex 2013/07/15  (rcs-revision 1.15)
\pgf@max=\dimen184
\pgf@sys@shading@range@num=\count272
) (e:/LaTeX/TexLive/texmf-dist/tex/generic/pgf/basiclayer/pgfcoreimage.code.tex
File: pgfcoreimage.code.tex 2013/07/15  (rcs-revision 1.18)

(e:/LaTeX/TexLive/texmf-dist/tex/generic/pgf/basiclayer/pgfcoreexternal.code.te
x
File: pgfcoreexternal.code.tex 2014/07/09  (rcs-revision 1.21)
\pgfexternal@startupbox=\box51
))
(e:/LaTeX/TexLive/texmf-dist/tex/generic/pgf/basiclayer/pgfcorelayers.code.tex
File: pgfcorelayers.code.tex 2013/07/18  (rcs-revision 1.7)
)
(e:/LaTeX/TexLive/texmf-dist/tex/generic/pgf/basiclayer/pgfcoretransparency.cod
e.tex
File: pgfcoretransparency.code.tex 2013/09/30  (rcs-revision 1.5)
)
(e:/LaTeX/TexLive/texmf-dist/tex/generic/pgf/basiclayer/pgfcorepatterns.code.te
x
File: pgfcorepatterns.code.tex 2013/11/07  (rcs-revision 1.5)
)))
(e:/LaTeX/TexLive/texmf-dist/tex/generic/pgf/modules/pgfmoduleshapes.code.tex
File: pgfmoduleshapes.code.tex 2014/03/21  (rcs-revision 1.35)
\pgfnodeparttextbox=\box52
)
(e:/LaTeX/TexLive/texmf-dist/tex/generic/pgf/modules/pgfmoduleplot.code.tex
File: pgfmoduleplot.code.tex 2015/08/03  (rcs-revision 1.13)
)
(e:/LaTeX/TexLive/texmf-dist/tex/latex/pgf/compatibility/pgfcomp-version-0-65.s
ty
Package: pgfcomp-version-0-65 2007/07/03 v3.0.1a (rcs-revision 1.7)
\pgf@nodesepstart=\dimen185
\pgf@nodesepend=\dimen186
)
(e:/LaTeX/TexLive/texmf-dist/tex/latex/pgf/compatibility/pgfcomp-version-1-18.s
ty
Package: pgfcomp-version-1-18 2007/07/23 v3.0.1a (rcs-revision 1.1)
)) (e:/LaTeX/TexLive/texmf-dist/tex/latex/pgf/utilities/pgffor.sty
(e:/LaTeX/TexLive/texmf-dist/tex/latex/pgf/utilities/pgfkeys.sty
(e:/LaTeX/TexLive/texmf-dist/tex/generic/pgf/utilities/pgfkeys.code.tex))
(e:/LaTeX/TexLive/texmf-dist/tex/latex/pgf/math/pgfmath.sty
(e:/LaTeX/TexLive/texmf-dist/tex/generic/pgf/math/pgfmath.code.tex))
(e:/LaTeX/TexLive/texmf-dist/tex/generic/pgf/utilities/pgffor.code.tex
Package: pgffor 2013/12/13 v3.0.1a (rcs-revision 1.25)

(e:/LaTeX/TexLive/texmf-dist/tex/generic/pgf/math/pgfmath.code.tex)
\pgffor@iter=\dimen187
\pgffor@skip=\dimen188
\pgffor@stack=\toks32
\pgffor@toks=\toks33
))
(e:/LaTeX/TexLive/texmf-dist/tex/generic/pgf/frontendlayer/tikz/tikz.code.tex
Package: tikz 2015/08/07 v3.0.1a (rcs-revision 1.151)

(e:/LaTeX/TexLive/texmf-dist/tex/generic/pgf/libraries/pgflibraryplothandlers.c
ode.tex
File: pgflibraryplothandlers.code.tex 2013/08/31 v3.0.1a (rcs-revision 1.20)
\pgf@plot@mark@count=\count273
\pgfplotmarksize=\dimen189
)
\tikz@lastx=\dimen190
\tikz@lasty=\dimen191
\tikz@lastxsaved=\dimen192
\tikz@lastysaved=\dimen193
\tikzleveldistance=\dimen194
\tikzsiblingdistance=\dimen195
\tikz@figbox=\box53
\tikz@figbox@bg=\box54
\tikz@tempbox=\box55
\tikz@tempbox@bg=\box56
\tikztreelevel=\count274
\tikznumberofchildren=\count275
\tikznumberofcurrentchild=\count276
\tikz@fig@count=\count277

(e:/LaTeX/TexLive/texmf-dist/tex/generic/pgf/modules/pgfmodulematrix.code.tex
File: pgfmodulematrix.code.tex 2013/09/17  (rcs-revision 1.8)
\pgfmatrixcurrentrow=\count278
\pgfmatrixcurrentcolumn=\count279
\pgf@matrix@numberofcolumns=\count280
)
\tikz@expandcount=\count281

(e:/LaTeX/TexLive/texmf-dist/tex/generic/pgf/frontendlayer/tikz/libraries/tikzl
ibrarytopaths.code.tex
File: tikzlibrarytopaths.code.tex 2008/06/17 v3.0.1a (rcs-revision 1.2)
)))
(e:/LaTeX/TexLive/texmf-dist/tex/latex/pgf/frontendlayer/libraries/tikzlibrarye
xternal.code.tex
(e:/LaTeX/TexLive/texmf-dist/tex/generic/oberdiek/pdftexcmds.sty
Package: pdftexcmds 2017/03/19 v0.25 Utility functions of pdfTeX for LuaTeX (HO
)

(e:/LaTeX/TexLive/texmf-dist/tex/generic/oberdiek/ifluatex.sty
Package: ifluatex 2016/05/16 v1.4 Provides the ifluatex switch (HO)
Package ifluatex Info: LuaTeX not detected.
)
Package pdftexcmds Info: LuaTeX not detected.
Package pdftexcmds Info: \pdf@primitive is available.
Package pdftexcmds Info: \pdf@ifprimitive is available.
Package pdftexcmds Info: \pdfdraftmode found.
)
(e:/LaTeX/TexLive/texmf-dist/tex/generic/pgf/frontendlayer/tikz/libraries/tikze
xternalshared.code.tex))
(e:/LaTeX/TexLive/texmf-dist/tex/latex/caption/caption.sty
Package: caption 2016/02/21 v3.3-144 Customizing captions (AR)

(e:/LaTeX/TexLive/texmf-dist/tex/latex/caption/caption3.sty
Package: caption3 2016/05/22 v1.7-166 caption3 kernel (AR)
Package caption3 Info: TeX engine: e-TeX on input line 67.
\captionmargin=\dimen196
\captionmargin@=\dimen197
\captionwidth=\dimen198
\caption@tempdima=\dimen199
\caption@indent=\dimen256
\caption@parindent=\dimen257
\caption@hangindent=\dimen258
)
Package caption Info: KOMA-Script document class.
\c@ContinuedFloat=\count282
)
(e:/LaTeX/TexLive/texmf-dist/tex/generic/iftex/iftex.sty
Package: iftex 2013/04/04 v0.2 Provides if(tex) conditional for PDFTeX, XeTeX, 
and LuaTeX
)
Package scrhack Info: hyperref hack deactivated because of
(scrhack)             detection of KOMA-Script class, that doesn't
(scrhack)             need that hack, on input line 115.

(e:/LaTeX/TexLive/texmf-dist/tex/latex/hyperref/hyperref.sty
Package: hyperref 2017/03/14 v6.85a Hypertext links for LaTeX

(e:/LaTeX/TexLive/texmf-dist/tex/generic/oberdiek/hobsub-hyperref.sty
Package: hobsub-hyperref 2016/05/16 v1.14 Bundle oberdiek, subset hyperref (HO)


(e:/LaTeX/TexLive/texmf-dist/tex/generic/oberdiek/hobsub-generic.sty
Package: hobsub-generic 2016/05/16 v1.14 Bundle oberdiek, subset generic (HO)
Package: hobsub 2016/05/16 v1.14 Construct package bundles (HO)
Package hobsub Info: Skipping package `infwarerr' (already loaded).
Package hobsub Info: Skipping package `ltxcmds' (already loaded).
Package hobsub Info: Skipping package `ifluatex' (already loaded).
Package: ifvtex 2016/05/16 v1.6 Detect VTeX and its facilities (HO)
Package ifvtex Info: VTeX not detected.
Package: intcalc 2016/05/16 v1.2 Expandable calculations with integers (HO)
Package hobsub Info: Skipping package `ifpdf' (already loaded).
Package: etexcmds 2016/05/16 v1.6 Avoid name clashes with e-TeX commands (HO)
Package etexcmds Info: Could not find \expanded.
(etexcmds)             That can mean that you are not using pdfTeX 1.50 or
(etexcmds)             that some package has redefined \expanded.
(etexcmds)             In the latter case, load this package earlier.
Package: kvsetkeys 2016/05/16 v1.17 Key value parser (HO)
Package: kvdefinekeys 2016/05/16 v1.4 Define keys (HO)
Package hobsub Info: Skipping package `pdftexcmds' (already loaded).
Package: pdfescape 2016/05/16 v1.14 Implements pdfTeX's escape features (HO)
Package: bigintcalc 2016/05/16 v1.4 Expandable calculations on big integers (HO
)
Package: bitset 2016/05/16 v1.2 Handle bit-vector datatype (HO)
Package: uniquecounter 2016/05/16 v1.3 Provide unlimited unique counter (HO)
)
Package hobsub Info: Skipping package `hobsub' (already loaded).
Package: letltxmacro 2016/05/16 v1.5 Let assignment for LaTeX macros (HO)
Package: hopatch 2016/05/16 v1.3 Wrapper for package hooks (HO)
Package: xcolor-patch 2016/05/16 xcolor patch
Package: atveryend 2016/05/16 v1.9 Hooks at the very end of document (HO)
Package hobsub Info: Skipping package `atbegshi' (already loaded).
Package: refcount 2016/05/16 v3.5 Data extraction from label references (HO)
Package: hycolor 2016/05/16 v1.8 Color options for hyperref/bookmark (HO)
)
(e:/LaTeX/TexLive/texmf-dist/tex/generic/ifxetex/ifxetex.sty
Package: ifxetex 2010/09/12 v0.6 Provides ifxetex conditional
)
(e:/LaTeX/TexLive/texmf-dist/tex/latex/oberdiek/auxhook.sty
Package: auxhook 2016/05/16 v1.4 Hooks for auxiliary files (HO)
)
(e:/LaTeX/TexLive/texmf-dist/tex/latex/oberdiek/kvoptions.sty
Package: kvoptions 2016/05/16 v3.12 Key value format for package options (HO)
)
\@linkdim=\dimen259
\Hy@linkcounter=\count283
\Hy@pagecounter=\count284

(e:/LaTeX/TexLive/texmf-dist/tex/latex/hyperref/pd1enc.def
File: pd1enc.def 2017/03/14 v6.85a Hyperref: PDFDocEncoding definition (HO)
)
\Hy@SavedSpaceFactor=\count285

(e:/LaTeX/TexLive/texmf-dist/tex/latex/latexconfig/hyperref.cfg
File: hyperref.cfg 2002/06/06 v1.2 hyperref configuration of TeXLive
)
Package hyperref Info: Hyper figures OFF on input line 4498.
Package hyperref Info: Link nesting OFF on input line 4503.
Package hyperref Info: Hyper index ON on input line 4506.
Package hyperref Info: Plain pages OFF on input line 4513.
Package hyperref Info: Backreferencing OFF on input line 4518.
Package hyperref Info: Implicit mode ON; LaTeX internals redefined.
Package hyperref Info: Bookmarks ON on input line 4751.
\c@Hy@tempcnt=\count286

(e:/LaTeX/TexLive/texmf-dist/tex/latex/url/url.sty
\Urlmuskip=\muskip17
Package: url 2013/09/16  ver 3.4  Verb mode for urls, etc.
)
LaTeX Info: Redefining \url on input line 5104.
\XeTeXLinkMargin=\dimen260
\Fld@menulength=\count287
\Field@Width=\dimen261
\Fld@charsize=\dimen262
Package hyperref Info: Hyper figures OFF on input line 6358.
Package hyperref Info: Link nesting OFF on input line 6363.
Package hyperref Info: Hyper index ON on input line 6366.
Package hyperref Info: backreferencing OFF on input line 6373.
Package hyperref Info: Link coloring OFF on input line 6378.
Package hyperref Info: Link coloring with OCG OFF on input line 6383.
Package hyperref Info: PDF/A mode OFF on input line 6388.
LaTeX Info: Redefining \ref on input line 6428.
LaTeX Info: Redefining \pageref on input line 6432.
\Hy@abspage=\count288
\c@Item=\count289
\c@Hfootnote=\count290
)

Package hyperref Message: Driver: hpdftex.

(e:/LaTeX/TexLive/texmf-dist/tex/latex/hyperref/hpdftex.def
File: hpdftex.def 2017/03/14 v6.85a Hyperref driver for pdfTeX
\Fld@listcount=\count291
\c@bookmark@seq@number=\count292

(e:/LaTeX/TexLive/texmf-dist/tex/latex/oberdiek/rerunfilecheck.sty
Package: rerunfilecheck 2016/05/16 v1.8 Rerun checks for auxiliary files (HO)
Package uniquecounter Info: New unique counter `rerunfilecheck' on input line 2
82.
)
\Hy@SectionHShift=\skip78
)
Package hyperref Info: Option `colorlinks' set `true' on input line 158.

(e:/LaTeX/TexLive/texmf-dist/tex/latex/carlisle/remreset.sty)
LaTeX Font Info:    Try loading font information for OT1+phv on input line 404.


(e:/LaTeX/TexLive/texmf-dist/tex/latex/psnfss/ot1phv.fd
File: ot1phv.fd 2001/06/04 scalable font definitions for OT1/phv.
))
(e:/LaTeX/TexLive/texmf-dist/tex/latex/base/inputenc.sty
Package: inputenc 2015/03/17 v1.2c Input encoding file
\inpenc@prehook=\toks34
\inpenc@posthook=\toks35

(e:/LaTeX/TexLive/texmf-dist/tex/latex/base/utf8.def
File: utf8.def 2017/01/28 v1.1t UTF-8 support for inputenc
Now handling font encoding OML ...
... no UTF-8 mapping file for font encoding OML
Now handling font encoding T1 ...
... processing UTF-8 mapping file for font encoding T1

(e:/LaTeX/TexLive/texmf-dist/tex/latex/base/t1enc.dfu
File: t1enc.dfu 2017/01/28 v1.1t UTF-8 support for inputenc
   defining Unicode char U+00A0 (decimal 160)
   defining Unicode char U+00A1 (decimal 161)
   defining Unicode char U+00A3 (decimal 163)
   defining Unicode char U+00AB (decimal 171)
   defining Unicode char U+00AD (decimal 173)
   defining Unicode char U+00BB (decimal 187)
   defining Unicode char U+00BF (decimal 191)
   defining Unicode char U+00C0 (decimal 192)
   defining Unicode char U+00C1 (decimal 193)
   defining Unicode char U+00C2 (decimal 194)
   defining Unicode char U+00C3 (decimal 195)
   defining Unicode char U+00C4 (decimal 196)
   defining Unicode char U+00C5 (decimal 197)
   defining Unicode char U+00C6 (decimal 198)
   defining Unicode char U+00C7 (decimal 199)
   defining Unicode char U+00C8 (decimal 200)
   defining Unicode char U+00C9 (decimal 201)
   defining Unicode char U+00CA (decimal 202)
   defining Unicode char U+00CB (decimal 203)
   defining Unicode char U+00CC (decimal 204)
   defining Unicode char U+00CD (decimal 205)
   defining Unicode char U+00CE (decimal 206)
   defining Unicode char U+00CF (decimal 207)
   defining Unicode char U+00D0 (decimal 208)
   defining Unicode char U+00D1 (decimal 209)
   defining Unicode char U+00D2 (decimal 210)
   defining Unicode char U+00D3 (decimal 211)
   defining Unicode char U+00D4 (decimal 212)
   defining Unicode char U+00D5 (decimal 213)
   defining Unicode char U+00D6 (decimal 214)
   defining Unicode char U+00D8 (decimal 216)
   defining Unicode char U+00D9 (decimal 217)
   defining Unicode char U+00DA (decimal 218)
   defining Unicode char U+00DB (decimal 219)
   defining Unicode char U+00DC (decimal 220)
   defining Unicode char U+00DD (decimal 221)
   defining Unicode char U+00DE (decimal 222)
   defining Unicode char U+00DF (decimal 223)
   defining Unicode char U+00E0 (decimal 224)
   defining Unicode char U+00E1 (decimal 225)
   defining Unicode char U+00E2 (decimal 226)
   defining Unicode char U+00E3 (decimal 227)
   defining Unicode char U+00E4 (decimal 228)
   defining Unicode char U+00E5 (decimal 229)
   defining Unicode char U+00E6 (decimal 230)
   defining Unicode char U+00E7 (decimal 231)
   defining Unicode char U+00E8 (decimal 232)
   defining Unicode char U+00E9 (decimal 233)
   defining Unicode char U+00EA (decimal 234)
   defining Unicode char U+00EB (decimal 235)
   defining Unicode char U+00EC (decimal 236)
   defining Unicode char U+00ED (decimal 237)
   defining Unicode char U+00EE (decimal 238)
   defining Unicode char U+00EF (decimal 239)
   defining Unicode char U+00F0 (decimal 240)
   defining Unicode char U+00F1 (decimal 241)
   defining Unicode char U+00F2 (decimal 242)
   defining Unicode char U+00F3 (decimal 243)
   defining Unicode char U+00F4 (decimal 244)
   defining Unicode char U+00F5 (decimal 245)
   defining Unicode char U+00F6 (decimal 246)
   defining Unicode char U+00F8 (decimal 248)
   defining Unicode char U+00F9 (decimal 249)
   defining Unicode char U+00FA (decimal 250)
   defining Unicode char U+00FB (decimal 251)
   defining Unicode char U+00FC (decimal 252)
   defining Unicode char U+00FD (decimal 253)
   defining Unicode char U+00FE (decimal 254)
   defining Unicode char U+00FF (decimal 255)
   defining Unicode char U+0100 (decimal 256)
   defining Unicode char U+0101 (decimal 257)
   defining Unicode char U+0102 (decimal 258)
   defining Unicode char U+0103 (decimal 259)
   defining Unicode char U+0104 (decimal 260)
   defining Unicode char U+0105 (decimal 261)
   defining Unicode char U+0106 (decimal 262)
   defining Unicode char U+0107 (decimal 263)
   defining Unicode char U+0108 (decimal 264)
   defining Unicode char U+0109 (decimal 265)
   defining Unicode char U+010A (decimal 266)
   defining Unicode char U+010B (decimal 267)
   defining Unicode char U+010C (decimal 268)
   defining Unicode char U+010D (decimal 269)
   defining Unicode char U+010E (decimal 270)
   defining Unicode char U+010F (decimal 271)
   defining Unicode char U+0110 (decimal 272)
   defining Unicode char U+0111 (decimal 273)
   defining Unicode char U+0112 (decimal 274)
   defining Unicode char U+0113 (decimal 275)
   defining Unicode char U+0114 (decimal 276)
   defining Unicode char U+0115 (decimal 277)
   defining Unicode char U+0116 (decimal 278)
   defining Unicode char U+0117 (decimal 279)
   defining Unicode char U+0118 (decimal 280)
   defining Unicode char U+0119 (decimal 281)
   defining Unicode char U+011A (decimal 282)
   defining Unicode char U+011B (decimal 283)
   defining Unicode char U+011C (decimal 284)
   defining Unicode char U+011D (decimal 285)
   defining Unicode char U+011E (decimal 286)
   defining Unicode char U+011F (decimal 287)
   defining Unicode char U+0120 (decimal 288)
   defining Unicode char U+0121 (decimal 289)
   defining Unicode char U+0122 (decimal 290)
   defining Unicode char U+0123 (decimal 291)
   defining Unicode char U+0124 (decimal 292)
   defining Unicode char U+0125 (decimal 293)
   defining Unicode char U+0128 (decimal 296)
   defining Unicode char U+0129 (decimal 297)
   defining Unicode char U+012A (decimal 298)
   defining Unicode char U+012B (decimal 299)
   defining Unicode char U+012C (decimal 300)
   defining Unicode char U+012D (decimal 301)
   defining Unicode char U+012E (decimal 302)
   defining Unicode char U+012F (decimal 303)
   defining Unicode char U+0130 (decimal 304)
   defining Unicode char U+0131 (decimal 305)
   defining Unicode char U+0132 (decimal 306)
   defining Unicode char U+0133 (decimal 307)
   defining Unicode char U+0134 (decimal 308)
   defining Unicode char U+0135 (decimal 309)
   defining Unicode char U+0136 (decimal 310)
   defining Unicode char U+0137 (decimal 311)
   defining Unicode char U+0139 (decimal 313)
   defining Unicode char U+013A (decimal 314)
   defining Unicode char U+013B (decimal 315)
   defining Unicode char U+013C (decimal 316)
   defining Unicode char U+013D (decimal 317)
   defining Unicode char U+013E (decimal 318)
   defining Unicode char U+0141 (decimal 321)
   defining Unicode char U+0142 (decimal 322)
   defining Unicode char U+0143 (decimal 323)
   defining Unicode char U+0144 (decimal 324)
   defining Unicode char U+0145 (decimal 325)
   defining Unicode char U+0146 (decimal 326)
   defining Unicode char U+0147 (decimal 327)
   defining Unicode char U+0148 (decimal 328)
   defining Unicode char U+014A (decimal 330)
   defining Unicode char U+014B (decimal 331)
   defining Unicode char U+014C (decimal 332)
   defining Unicode char U+014D (decimal 333)
   defining Unicode char U+014E (decimal 334)
   defining Unicode char U+014F (decimal 335)
   defining Unicode char U+0150 (decimal 336)
   defining Unicode char U+0151 (decimal 337)
   defining Unicode char U+0152 (decimal 338)
   defining Unicode char U+0153 (decimal 339)
   defining Unicode char U+0154 (decimal 340)
   defining Unicode char U+0155 (decimal 341)
   defining Unicode char U+0156 (decimal 342)
   defining Unicode char U+0157 (decimal 343)
   defining Unicode char U+0158 (decimal 344)
   defining Unicode char U+0159 (decimal 345)
   defining Unicode char U+015A (decimal 346)
   defining Unicode char U+015B (decimal 347)
   defining Unicode char U+015C (decimal 348)
   defining Unicode char U+015D (decimal 349)
   defining Unicode char U+015E (decimal 350)
   defining Unicode char U+015F (decimal 351)
   defining Unicode char U+0160 (decimal 352)
   defining Unicode char U+0161 (decimal 353)
   defining Unicode char U+0162 (decimal 354)
   defining Unicode char U+0163 (decimal 355)
   defining Unicode char U+0164 (decimal 356)
   defining Unicode char U+0165 (decimal 357)
   defining Unicode char U+0168 (decimal 360)
   defining Unicode char U+0169 (decimal 361)
   defining Unicode char U+016A (decimal 362)
   defining Unicode char U+016B (decimal 363)
   defining Unicode char U+016C (decimal 364)
   defining Unicode char U+016D (decimal 365)
   defining Unicode char U+016E (decimal 366)
   defining Unicode char U+016F (decimal 367)
   defining Unicode char U+0170 (decimal 368)
   defining Unicode char U+0171 (decimal 369)
   defining Unicode char U+0172 (decimal 370)
   defining Unicode char U+0173 (decimal 371)
   defining Unicode char U+0174 (decimal 372)
   defining Unicode char U+0175 (decimal 373)
   defining Unicode char U+0176 (decimal 374)
   defining Unicode char U+0177 (decimal 375)
   defining Unicode char U+0178 (decimal 376)
   defining Unicode char U+0179 (decimal 377)
   defining Unicode char U+017A (decimal 378)
   defining Unicode char U+017B (decimal 379)
   defining Unicode char U+017C (decimal 380)
   defining Unicode char U+017D (decimal 381)
   defining Unicode char U+017E (decimal 382)
   defining Unicode char U+01CD (decimal 461)
   defining Unicode char U+01CE (decimal 462)
   defining Unicode char U+01CF (decimal 463)
   defining Unicode char U+01D0 (decimal 464)
   defining Unicode char U+01D1 (decimal 465)
   defining Unicode char U+01D2 (decimal 466)
   defining Unicode char U+01D3 (decimal 467)
   defining Unicode char U+01D4 (decimal 468)
   defining Unicode char U+01E2 (decimal 482)
   defining Unicode char U+01E3 (decimal 483)
   defining Unicode char U+01E6 (decimal 486)
   defining Unicode char U+01E7 (decimal 487)
   defining Unicode char U+01E8 (decimal 488)
   defining Unicode char U+01E9 (decimal 489)
   defining Unicode char U+01EA (decimal 490)
   defining Unicode char U+01EB (decimal 491)
   defining Unicode char U+01F0 (decimal 496)
   defining Unicode char U+01F4 (decimal 500)
   defining Unicode char U+01F5 (decimal 501)
   defining Unicode char U+0218 (decimal 536)
   defining Unicode char U+0219 (decimal 537)
   defining Unicode char U+021A (decimal 538)
   defining Unicode char U+021B (decimal 539)
   defining Unicode char U+0232 (decimal 562)
   defining Unicode char U+0233 (decimal 563)
   defining Unicode char U+1E02 (decimal 7682)
   defining Unicode char U+1E03 (decimal 7683)
   defining Unicode char U+200C (decimal 8204)
   defining Unicode char U+2010 (decimal 8208)
   defining Unicode char U+2011 (decimal 8209)
   defining Unicode char U+2012 (decimal 8210)
   defining Unicode char U+2013 (decimal 8211)
   defining Unicode char U+2014 (decimal 8212)
   defining Unicode char U+2015 (decimal 8213)
   defining Unicode char U+2018 (decimal 8216)
   defining Unicode char U+2019 (decimal 8217)
   defining Unicode char U+201A (decimal 8218)
   defining Unicode char U+201C (decimal 8220)
   defining Unicode char U+201D (decimal 8221)
   defining Unicode char U+201E (decimal 8222)
   defining Unicode char U+2030 (decimal 8240)
   defining Unicode char U+2031 (decimal 8241)
   defining Unicode char U+2039 (decimal 8249)
   defining Unicode char U+203A (decimal 8250)
   defining Unicode char U+2423 (decimal 9251)
   defining Unicode char U+1E20 (decimal 7712)
   defining Unicode char U+1E21 (decimal 7713)
)
Now handling font encoding OT1 ...
... processing UTF-8 mapping file for font encoding OT1

(e:/LaTeX/TexLive/texmf-dist/tex/latex/base/ot1enc.dfu
File: ot1enc.dfu 2017/01/28 v1.1t UTF-8 support for inputenc
   defining Unicode char U+00A0 (decimal 160)
   defining Unicode char U+00A1 (decimal 161)
   defining Unicode char U+00A3 (decimal 163)
   defining Unicode char U+00AD (decimal 173)
   defining Unicode char U+00B8 (decimal 184)
   defining Unicode char U+00BF (decimal 191)
   defining Unicode char U+00C5 (decimal 197)
   defining Unicode char U+00C6 (decimal 198)
   defining Unicode char U+00D8 (decimal 216)
   defining Unicode char U+00DF (decimal 223)
   defining Unicode char U+00E6 (decimal 230)
   defining Unicode char U+00EC (decimal 236)
   defining Unicode char U+00ED (decimal 237)
   defining Unicode char U+00EE (decimal 238)
   defining Unicode char U+00EF (decimal 239)
   defining Unicode char U+00F8 (decimal 248)
   defining Unicode char U+0131 (decimal 305)
   defining Unicode char U+0141 (decimal 321)
   defining Unicode char U+0142 (decimal 322)
   defining Unicode char U+0152 (decimal 338)
   defining Unicode char U+0153 (decimal 339)
   defining Unicode char U+0174 (decimal 372)
   defining Unicode char U+0175 (decimal 373)
   defining Unicode char U+0176 (decimal 374)
   defining Unicode char U+0177 (decimal 375)
   defining Unicode char U+0218 (decimal 536)
   defining Unicode char U+0219 (decimal 537)
   defining Unicode char U+021A (decimal 538)
   defining Unicode char U+021B (decimal 539)
   defining Unicode char U+2013 (decimal 8211)
   defining Unicode char U+2014 (decimal 8212)
   defining Unicode char U+2018 (decimal 8216)
   defining Unicode char U+2019 (decimal 8217)
   defining Unicode char U+201C (decimal 8220)
   defining Unicode char U+201D (decimal 8221)
)
Now handling font encoding OMS ...
... processing UTF-8 mapping file for font encoding OMS

(e:/LaTeX/TexLive/texmf-dist/tex/latex/base/omsenc.dfu
File: omsenc.dfu 2017/01/28 v1.1t UTF-8 support for inputenc
   defining Unicode char U+00A7 (decimal 167)
   defining Unicode char U+00B6 (decimal 182)
   defining Unicode char U+00B7 (decimal 183)
   defining Unicode char U+2020 (decimal 8224)
   defining Unicode char U+2021 (decimal 8225)
   defining Unicode char U+2022 (decimal 8226)
)
Now handling font encoding OMX ...
... no UTF-8 mapping file for font encoding OMX
Now handling font encoding U ...
... no UTF-8 mapping file for font encoding U
Now handling font encoding PD1 ...
... no UTF-8 mapping file for font encoding PD1
   defining Unicode char U+00A9 (decimal 169)
   defining Unicode char U+00AA (decimal 170)
   defining Unicode char U+00AE (decimal 174)
   defining Unicode char U+00BA (decimal 186)
   defining Unicode char U+02C6 (decimal 710)
   defining Unicode char U+02DC (decimal 732)
   defining Unicode char U+200C (decimal 8204)
   defining Unicode char U+2026 (decimal 8230)
   defining Unicode char U+2122 (decimal 8482)
   defining Unicode char U+2423 (decimal 9251)
))
(e:/LaTeX/TexLive/texmf-dist/tex/latex/base/fontenc.sty
Package: fontenc 2017/04/05 v2.0i Standard LaTeX package

(e:/LaTeX/TexLive/texmf-dist/tex/latex/base/t1enc.def
File: t1enc.def 2017/04/05 v2.0i Standard LaTeX file
LaTeX Font Info:    Redeclaring font encoding T1 on input line 48.
)
LaTeX Font Info:    Try loading font information for T1+phv on input line 105.

(e:/LaTeX/TexLive/texmf-dist/tex/latex/psnfss/t1phv.fd
File: t1phv.fd 2001/06/04 scalable font definitions for T1/phv.
))
(e:/LaTeX/TexLive/texmf-dist/tex/latex/germbib/bibgerm.sty
Package: bibgerm 2000/08/18 v0.1 Support for mixed language bibliographies

** Macros for german `BibTeX'ing added to Style Option `german' 20 Apr 1993 **
** idea and languages `german' and `USenglish' implemented by M. Wallmeier **
** Modified for LaTeX 2e and german.sty 2.5b by A. Scherer 1 Nov 1995 **
** Modified for ngerman.sty and babel.sty by H. Harders 21 August 2000 **)
(e:/LaTeX/TexLive/texmf-dist/tex/latex/listings/listings.sty
\lst@mode=\count293
\lst@gtempboxa=\box57
\lst@token=\toks36
\lst@length=\count294
\lst@currlwidth=\dimen263
\lst@column=\count295
\lst@pos=\count296
\lst@lostspace=\dimen264
\lst@width=\dimen265
\lst@newlines=\count297
\lst@lineno=\count298
\lst@maxwidth=\dimen266

(e:/LaTeX/TexLive/texmf-dist/tex/latex/listings/lstmisc.sty
File: lstmisc.sty 2015/06/04 1.6 (Carsten Heinz)
\c@lstnumber=\count299
\lst@skipnumbers=\count300
\lst@framebox=\box58
)
(e:/LaTeX/TexLive/texmf-dist/tex/latex/listings/listings.cfg
File: listings.cfg 2015/06/04 1.6 listings configuration
))
Package scrhack Info: loading listings hack on input line 38.

(e:/LaTeX/TexLive/texmf-dist/tex/latex/koma-script/listings.hak
File: listings.hak 2017/09/07 v3.24 KOMA-Script package (hacking package listin
gs)
Package tocbasic Info: defining new hook before starting `lol' on input line 13
7.
Package tocbasic Info: setting babel extension for `lol' on input line 137.
Package scrhack Info: redefining \lstlistoflistings on input line 137.
)
Package: listings 2015/06/04 1.6 (Carsten Heinz)

(e:/LaTeX/TexLive/texmf-dist/tex/latex/listings/lstlang1.sty
File: lstlang1.sty 2015/06/04 1.6 listings language file
)
(e:/LaTeX/TexLive/texmf-dist/tex/latex/listings/lstlang2.sty
File: lstlang2.sty 2015/06/04 1.6 listings language file
)
(e:/LaTeX/TexLive/texmf-dist/tex/latex/listings/lstmisc.sty
File: lstmisc.sty 2015/06/04 1.6 (Carsten Heinz)
)
(e:/LaTeX/TexLive/texmf-dist/tex/latex/blindtext/blindtext.sty
Package: blindtext 2012/01/06 V2.0 blindtext-Package

(e:/LaTeX/TexLive/texmf-dist/tex/latex/tools/xspace.sty
Package: xspace 2014/10/28 v1.13 Space after command names (DPC,MH)
)
\c@blindtext=\count301
\c@Blindtext=\count302
\c@blind@countparstart=\count303
\blind@countxx=\count304
\blindtext@numBlindtext=\count305
\blind@countyy=\count306
\c@blindlist=\count307
\c@blindlistlevel=\count308
\c@blindlist@level=\count309
\blind@listitem=\count310
\c@blind@listcount=\count311
\c@blind@levelcount=\count312
\blind@mathformula=\count313
\blind@Mathformula=\count314
\c@blind@randomcount=\count315
\c@blind@randommax=\count316
\c@blind@pangramcount=\count317
\c@blind@pangrammax=\count318
)

LaTeX Warning: Unused global option(s):
    [BSA].

(./Integrating into Assistive Technology.aux)
\openout1 = `"Integrating into Assistive Technology.aux"'.

LaTeX Font Info:    Checking defaults for OML/cmm/m/it on input line 92.
LaTeX Font Info:    ... okay on input line 92.
LaTeX Font Info:    Checking defaults for T1/cmr/m/n on input line 92.
LaTeX Font Info:    ... okay on input line 92.
LaTeX Font Info:    Checking defaults for OT1/cmr/m/n on input line 92.
LaTeX Font Info:    ... okay on input line 92.
LaTeX Font Info:    Checking defaults for OMS/cmsy/m/n on input line 92.
LaTeX Font Info:    ... okay on input line 92.
LaTeX Font Info:    Checking defaults for OMX/cmex/m/n on input line 92.
LaTeX Font Info:    ... okay on input line 92.
LaTeX Font Info:    Checking defaults for U/cmr/m/n on input line 92.
LaTeX Font Info:    ... okay on input line 92.
LaTeX Font Info:    Checking defaults for PD1/pdf/m/n on input line 92.
LaTeX Font Info:    ... okay on input line 92.

(e:/LaTeX/TexLive/texmf-dist/tex/context/base/mkii/supp-pdf.mkii
[Loading MPS to PDF converter (version 2006.09.02).]
\scratchcounter=\count319
\scratchdimen=\dimen267
\scratchbox=\box59
\nofMPsegments=\count320
\nofMParguments=\count321
\everyMPshowfont=\toks37
\MPscratchCnt=\count322
\MPscratchDim=\dimen268
\MPnumerator=\count323
\makeMPintoPDFobject=\count324
\everyMPtoPDFconversion=\toks38
) (e:/LaTeX/TexLive/texmf-dist/tex/latex/oberdiek/epstopdf-base.sty
Package: epstopdf-base 2016/05/15 v2.6 Base part for package epstopdf

(e:/LaTeX/TexLive/texmf-dist/tex/latex/oberdiek/grfext.sty
Package: grfext 2016/05/16 v1.2 Manage graphics extensions (HO)
)
Package epstopdf-base Info: Redefining graphics rule for `.eps' on input line 4
38.
Package grfext Info: Graphics extension search list:
(grfext)             [.pdf,.png,.jpg,.mps,.jpeg,.jbig2,.jb2,.PDF,.PNG,.JPG,.JPE
G,.JBIG2,.JB2,.eps]
(grfext)             \AppendGraphicsExtensions on input line 456.

(e:/LaTeX/TexLive/texmf-dist/tex/latex/latexconfig/epstopdf-sys.cfg
File: epstopdf-sys.cfg 2010/07/13 v1.3 Configuration of (r)epstopdf for TeX Liv
e
))
\AtBeginShipoutBox=\box60

ABD: EveryShipout initializing macros
Package caption Info: Begin \AtBeginDocument code.
Package caption Info: hyperref package is loaded.
Package caption Info: listings package is loaded.
Package caption Info: End \AtBeginDocument code.
Package hyperref Info: Link coloring ON on input line 92.

(e:/LaTeX/TexLive/texmf-dist/tex/latex/hyperref/nameref.sty
Package: nameref 2016/05/21 v2.44 Cross-referencing by name of section

(e:/LaTeX/TexLive/texmf-dist/tex/generic/oberdiek/gettitlestring.sty
Package: gettitlestring 2016/05/16 v1.5 Cleanup title references (HO)
)
\c@section@level=\count325
)
LaTeX Info: Redefining \ref on input line 92.
LaTeX Info: Redefining \pageref on input line 92.
LaTeX Info: Redefining \nameref on input line 92.

(./Integrating into Assistive Technology.out)
(./Integrating into Assistive Technology.out)
\@outlinefile=\write5
\openout5 = `"Integrating into Assistive Technology.out"'.



bibgerm.sty: babel.sty detected

\c@lstlisting=\count326
Package scrhack Info: undefining \float@addtolists on input line 92.
LaTeX Font Info:    Font shape `T1/phv/bx/n' in size <10.95> not available
(Font)              Font shape `T1/phv/b/n' tried instead on input line 148.
LaTeX Font Info:    Try loading font information for U+msa on input line 148.
(e:/LaTeX/TexLive/texmf-dist/tex/latex/amsfonts/umsa.fd
File: umsa.fd 2013/01/14 v3.01 AMS symbols A
)
LaTeX Font Info:    Try loading font information for U+msb on input line 148.

(e:/LaTeX/TexLive/texmf-dist/tex/latex/amsfonts/umsb.fd
File: umsb.fd 2013/01/14 v3.01 AMS symbols B
)
LaTeX Font Info:    Font shape `T1/phv/bx/n' in size <20.74> not available
(Font)              Font shape `T1/phv/b/n' tried instead on input line 148.
<PICs/Arbeiten.jpg, id=119, 845.0772pt x 1195.1049pt>
File: PICs/Arbeiten.jpg Graphic file (type jpg)
<use PICs/Arbeiten.jpg>
Package pdftex.def Info: PICs/Arbeiten.jpg  used on input line 148. on input li
ne 148.
Package pdftex.def Info: Requested size: 597.50742pt x 845.06563pt on input lin
e 148.
 [-9



{e:/LaTeX/TexLive/texmf-var/fonts/map/pdftex/updmap/pdftex.map} <./PICs/Arbeite
n.jpg>] [-8

]
[-7

] [-6

] [-5

] (./Integrating into Assistive Technology.toc)
\tf@toc=\write6
\openout6 = `"Integrating into Assistive Technology.toc"'.

 [-4

] [-3]
chapter 1.
chapter 2.
chapter 3.
chapter 4.
[1

] [2] (./Integrating into Assistive Technology.bbl
chapter without number

LaTeX Warning: Empty `thebibliography' environment or \BreakBibliography
               before end of `thebibliography' environment on input line 3.

) [3

]
Setting numwidth of `part' to \z@ 
Setting indent of `part' to \z@
Setting numwidth of `part' to \z@ 
Setting indent of `part' to \z@
Setting numwidth of `chapter' to \z@ 
Setting indent of `chapter' to \z@
Setting numwidth of `chapter' to \z@ 
Setting indent of `chapter' to \z@
Setting numwidth of `section' to \z@ 
Setting indent of `section' to \z@
Setting numwidth of `section' to \z@ 
Setting indent of `section' to \z@
Setting numwidth of `subsection' to \z@ 
Setting indent of `subsection' to \z@
Setting numwidth of `subsection' to \z@ 
Setting indent of `subsection' to \z@
Setting numwidth of `subsubsection' to \z@ 
Setting indent of `subsubsection' to \z@
Setting numwidth of `subsubsection' to \z@ 
Setting indent of `subsubsection' to \z@
Setting numwidth of `paragraph' to \z@ 
Setting indent of `paragraph' to \z@
Setting numwidth of `paragraph' to \z@ 
Setting indent of `paragraph' to \z@
Setting numwidth of `subparagraph' to \z@ 
Setting indent of `subparagraph' to \z@
Setting numwidth of `subparagraph' to \z@ 
Setting indent of `subparagraph' to \z@
(./Integrating into Assistive Technology.lof)
\tf@lof=\write7
\openout7 = `"Integrating into Assistive Technology.lof"'.

 [4

]
Setting numwidth of `part' to \z@ 
Setting indent of `part' to \z@
Setting numwidth of `part' to \z@ 
Setting indent of `part' to \z@
Setting numwidth of `chapter' to \z@ 
Setting indent of `chapter' to \z@
Setting numwidth of `chapter' to \z@ 
Setting indent of `chapter' to \z@
Setting numwidth of `section' to \z@ 
Setting indent of `section' to \z@
Setting numwidth of `section' to \z@ 
Setting indent of `section' to \z@
Setting numwidth of `subsection' to \z@ 
Setting indent of `subsection' to \z@
Setting numwidth of `subsection' to \z@ 
Setting indent of `subsection' to \z@
Setting numwidth of `subsubsection' to \z@ 
Setting indent of `subsubsection' to \z@
Setting numwidth of `subsubsection' to \z@ 
Setting indent of `subsubsection' to \z@
Setting numwidth of `paragraph' to \z@ 
Setting indent of `paragraph' to \z@
Setting numwidth of `paragraph' to \z@ 
Setting indent of `paragraph' to \z@
Setting numwidth of `subparagraph' to \z@ 
Setting indent of `subparagraph' to \z@
Setting numwidth of `subparagraph' to \z@ 
Setting indent of `subparagraph' to \z@
(./Integrating into Assistive Technology.lot)
\tf@lot=\write8
\openout8 = `"Integrating into Assistive Technology.lot"'.

 [5

]
Setting numwidth of `part' to \z@ 
Setting indent of `part' to \z@
Setting numwidth of `part' to \z@ 
Setting indent of `part' to \z@
Setting numwidth of `chapter' to \z@ 
Setting indent of `chapter' to \z@
Setting numwidth of `chapter' to \z@ 
Setting indent of `chapter' to \z@
Setting numwidth of `section' to \z@ 
Setting indent of `section' to \z@
Setting numwidth of `section' to \z@ 
Setting indent of `section' to \z@
Setting numwidth of `subsection' to \z@ 
Setting indent of `subsection' to \z@
Setting numwidth of `subsection' to \z@ 
Setting indent of `subsection' to \z@
Setting numwidth of `subsubsection' to \z@ 
Setting indent of `subsubsection' to \z@
Setting numwidth of `subsubsection' to \z@ 
Setting indent of `subsubsection' to \z@
Setting numwidth of `paragraph' to \z@ 
Setting indent of `paragraph' to \z@
Setting numwidth of `paragraph' to \z@ 
Setting indent of `paragraph' to \z@
Setting numwidth of `subparagraph' to \z@ 
Setting indent of `subparagraph' to \z@
Setting numwidth of `subparagraph' to \z@ 
Setting indent of `subparagraph' to \z@
(./Integrating into Assistive Technology.lol)
\tf@lol=\write9
\openout9 = `"Integrating into Assistive Technology.lol"'.

 [6

] [7

]
chapter A.
[8

]
chapter B.
[9

]
Package atveryend Info: Empty hook `BeforeClearDocument' on input line 225.
Package atveryend Info: Empty hook `AfterLastShipout' on input line 225.
 (./Integrating into Assistive Technology.aux)
Package atveryend Info: Executing hook `AtVeryEndDocument' on input line 225.
Package atveryend Info: Executing hook `AtEndAfterFileList' on input line 225.
Package rerunfilecheck Info: File `"Integrating into Assistive Technology".out'
 has not changed.
(rerunfilecheck)             Checksum: 65DB7B9A1B5BAC299A001884F0F38999;1821.
 ) 
Here is how much of TeX's memory you used:
 32035 strings out of 492985
 603758 string characters out of 6135818
 774630 words of memory out of 5000000
 35045 multiletter control sequences out of 15000+600000
 559034 words of font info for 57 fonts, out of 8000000 for 9000
 1141 hyphenation exceptions out of 8191
 71i,11n,80p,10513b,561s stack positions out of 5000i,500n,10000p,200000b,80000s
{e:/LaTeX/TexLive/texmf-dist/fonts/enc/dvips/base/8r.enc}<e:/LaTeX/TexLive/te
xmf-dist/fonts/type1/urw/helvetic/uhvb8a.pfb><e:/LaTeX/TexLive/texmf-dist/fonts
/type1/urw/helvetic/uhvr8a.pfb>
Output written on "Integrating into Assistive Technology.pdf" (16 pages, 966319
 bytes).
PDF statistics:
 261 PDF objects out of 1000 (max. 8388607)
 237 compressed objects within 3 object streams
 61 named destinations out of 1000 (max. 500000)
 242 words of extra memory for PDF output out of 10000 (max. 10000000)

